<?xml version="1.0" encoding="UTF-8"?>
<testng-results ignored="2" total="4" passed="1" failed="1" skipped="0">
  <reporter-output>
  </reporter-output>
  <suite started-at="2024-03-13T20:34:00 IST" name="Suite" finished-at="2024-03-13T20:34:29 IST" duration-ms="29124">
    <groups>
    </groups>
    <test started-at="2024-03-13T20:34:00 IST" name="Test" finished-at="2024-03-13T20:34:29 IST" duration-ms="29124">
      <class name="Assertion.CreateContactaWithLeadsourceAssertionTest">
        <test-method is-config="true" signature="bsConfig()[pri:0, instance:Assertion.CreateContactaWithLeadsourceAssertionTest@8f4ea7c]" started-at="2024-03-13T20:34:00 IST" name="bsConfig" finished-at="2024-03-13T20:34:00 IST" duration-ms="8" status="PASS">
          <reporter-output>
          </reporter-output>
        </test-method> <!-- bsConfig -->
        <test-method is-config="true" signature="bcConfig()[pri:0, instance:Assertion.CreateContactaWithLeadsourceAssertionTest@8f4ea7c]" started-at="2024-03-13T20:34:00 IST" name="bcConfig" finished-at="2024-03-13T20:34:03 IST" duration-ms="2579" status="PASS">
          <reporter-output>
          </reporter-output>
        </test-method> <!-- bcConfig -->
        <test-method is-config="true" signature="bmCofig()[pri:0, instance:Assertion.CreateContactaWithLeadsourceAssertionTest@8f4ea7c]" started-at="2024-03-13T20:34:03 IST" name="bmCofig" finished-at="2024-03-13T20:34:10 IST" duration-ms="7498" status="PASS">
          <reporter-output>
          </reporter-output>
        </test-method> <!-- bmCofig -->
        <test-method signature="createContactWithLeadSource()[pri:0, instance:Assertion.CreateContactaWithLeadsourceAssertionTest@8f4ea7c]" started-at="2024-03-13T20:34:10 IST" name="createContactWithLeadSource" finished-at="2024-03-13T20:34:17 IST" duration-ms="6191" status="PASS">
          <reporter-output>
          </reporter-output>
        </test-method> <!-- createContactWithLeadSource -->
        <test-method is-config="true" signature="amConfig()[pri:0, instance:Assertion.CreateContactaWithLeadsourceAssertionTest@8f4ea7c]" started-at="2024-03-13T20:34:17 IST" name="amConfig" finished-at="2024-03-13T20:34:18 IST" duration-ms="1305" status="PASS">
          <reporter-output>
          </reporter-output>
        </test-method> <!-- amConfig -->
        <test-method is-config="true" signature="acConfig()[pri:0, instance:Assertion.CreateContactaWithLeadsourceAssertionTest@8f4ea7c]" started-at="2024-03-13T20:34:18 IST" name="acConfig" finished-at="2024-03-13T20:34:18 IST" duration-ms="121" status="PASS">
          <reporter-output>
          </reporter-output>
        </test-method> <!-- acConfig -->
        <test-method is-config="true" signature="asConfig()[pri:0, instance:Assertion.CreateContactaWithLeadsourceAssertionTest@8f4ea7c]" started-at="2024-03-13T20:34:30 IST" name="asConfig" finished-at="2024-03-13T20:34:30 IST" duration-ms="1" status="PASS">
          <reporter-output>
          </reporter-output>
        </test-method> <!-- asConfig -->
      </class> <!-- Assertion.CreateContactaWithLeadsourceAssertionTest -->
      <class name="Assertion.CreateNewContactaWithAssertionTest">
        <test-method is-config="true" signature="bcConfig()[pri:0, instance:Assertion.CreateNewContactaWithAssertionTest@7f3b84b8]" started-at="2024-03-13T20:34:18 IST" name="bcConfig" finished-at="2024-03-13T20:34:20 IST" duration-ms="1789" status="PASS">
          <reporter-output>
          </reporter-output>
        </test-method> <!-- bcConfig -->
        <test-method is-config="true" signature="bmCofig()[pri:0, instance:Assertion.CreateNewContactaWithAssertionTest@7f3b84b8]" started-at="2024-03-13T20:34:20 IST" name="bmCofig" finished-at="2024-03-13T20:34:23 IST" duration-ms="2893" status="PASS">
          <reporter-output>
          </reporter-output>
        </test-method> <!-- bmCofig -->
        <test-method signature="CreateNewContactsWithMandatoryFieldTest()[pri:0, instance:Assertion.CreateNewContactaWithAssertionTest@7f3b84b8]" started-at="2024-03-13T20:34:23 IST" name="CreateNewContactsWithMandatoryFieldTest" finished-at="2024-03-13T20:34:27 IST" duration-ms="4375" status="FAIL">
          <exception class="java.lang.AssertionError">
            <message>
              <![CDATA[null]]>
            </message>
            <full-stacktrace>
              <![CDATA[java.lang.AssertionError: null
at org.testng.Assert.fail(Assert.java:99)
at org.testng.Assert.fail(Assert.java:106)
at Assertion.CreateNewContactaWithAssertionTest.CreateNewContactsWithMandatoryFieldTest(CreateNewContactaWithAssertionTest.java:33)
at java.base/jdk.internal.reflect.NativeMethodAccessorImpl.invoke0(Native Method)
at java.base/jdk.internal.reflect.NativeMethodAccessorImpl.invoke(NativeMethodAccessorImpl.java:62)
at java.base/jdk.internal.reflect.DelegatingMethodAccessorImpl.invoke(DelegatingMethodAccessorImpl.java:43)
at java.base/java.lang.reflect.Method.invoke(Method.java:566)
at org.testng.internal.MethodInvocationHelper.invokeMethod(MethodInvocationHelper.java:133)
at org.testng.internal.TestInvoker.invokeMethod(TestInvoker.java:598)
at org.testng.internal.TestInvoker.invokeTestMethod(TestInvoker.java:173)
at org.testng.internal.MethodRunner.runInSequence(MethodRunner.java:46)
at org.testng.internal.TestInvoker$MethodInvocationAgent.invoke(TestInvoker.java:824)
at org.testng.internal.TestInvoker.invokeTestMethods(TestInvoker.java:146)
at org.testng.internal.TestMethodWorker.invokeTestMethods(TestMethodWorker.java:146)
at org.testng.internal.TestMethodWorker.run(TestMethodWorker.java:128)
at java.base/java.util.ArrayList.forEach(ArrayList.java:1541)
at org.testng.TestRunner.privateRun(TestRunner.java:794)
at org.testng.TestRunner.run(TestRunner.java:596)
at org.testng.SuiteRunner.runTest(SuiteRunner.java:377)
at org.testng.SuiteRunner.runSequentially(SuiteRunner.java:371)
at org.testng.SuiteRunner.privateRun(SuiteRunner.java:332)
at org.testng.SuiteRunner.run(SuiteRunner.java:276)
at org.testng.SuiteRunnerWorker.runSuite(SuiteRunnerWorker.java:53)
at org.testng.SuiteRunnerWorker.run(SuiteRunnerWorker.java:96)
at org.testng.TestNG.runSuitesSequentially(TestNG.java:1212)
at org.testng.TestNG.runSuitesLocally(TestNG.java:1134)
at org.testng.TestNG.runSuites(TestNG.java:1063)
at org.testng.TestNG.run(TestNG.java:1031)
at org.testng.remote.AbstractRemoteTestNG.run(AbstractRemoteTestNG.java:115)
at org.testng.remote.RemoteTestNG.initAndRun(RemoteTestNG.java:251)
at org.testng.remote.RemoteTestNG.main(RemoteTestNG.java:77)
]]>
            </full-stacktrace>
          </exception> <!-- java.lang.AssertionError -->
          <reporter-output>
          </reporter-output>
        </test-method> <!-- CreateNewContactsWithMandatoryFieldTest -->
        <test-method is-config="true" signature="amConfig()[pri:0, instance:Assertion.CreateNewContactaWithAssertionTest@7f3b84b8]" started-at="2024-03-13T20:34:27 IST" name="amConfig" finished-at="2024-03-13T20:34:29 IST" duration-ms="1694" status="PASS">
          <reporter-output>
          </reporter-output>
        </test-method> <!-- amConfig -->
        <test-method is-config="true" signature="acConfig()[pri:0, instance:Assertion.CreateNewContactaWithAssertionTest@7f3b84b8]" started-at="2024-03-13T20:34:29 IST" name="acConfig" finished-at="2024-03-13T20:34:29 IST" duration-ms="121" status="PASS">
          <reporter-output>
          </reporter-output>
        </test-method> <!-- acConfig -->
      </class> <!-- Assertion.CreateNewContactaWithAssertionTest -->
    </test> <!-- Test -->
  </suite> <!-- Suite -->
</testng-results>
