<?xml version="1.0" encoding="UTF-8"?>
<testng-results ignored="2" total="4" passed="2" failed="0" skipped="0">
  <reporter-output>
  </reporter-output>
  <suite started-at="2024-03-21T11:45:02 IST" name="Suite" finished-at="2024-03-21T11:45:34 IST" duration-ms="32138">
    <groups>
    </groups>
    <test started-at="2024-03-21T11:45:02 IST" name="Test-Runner-Chrome" finished-at="2024-03-21T11:45:34 IST" duration-ms="32138">
      <class name="Assertion.CreateContactaWithLeadsourceAssertionTest">
        <test-method is-config="true" signature="bsConfig()[pri:0, instance:Assertion.CreateContactaWithLeadsourceAssertionTest@564fabc8]" started-at="2024-03-21T11:45:02 IST" name="bsConfig" finished-at="2024-03-21T11:45:02 IST" duration-ms="9" status="PASS">
          <reporter-output>
          </reporter-output>
        </test-method> <!-- bsConfig -->
        <test-method is-config="true" signature="bcConfig()[pri:0, instance:Assertion.CreateContactaWithLeadsourceAssertionTest@564fabc8]" started-at="2024-03-21T11:45:03 IST" name="bcConfig" finished-at="2024-03-21T11:45:09 IST" duration-ms="6527" status="PASS">
          <reporter-output>
          </reporter-output>
        </test-method> <!-- bcConfig -->
        <test-method is-config="true" signature="bmCofig()[pri:0, instance:Assertion.CreateContactaWithLeadsourceAssertionTest@564fabc8]" started-at="2024-03-21T11:45:09 IST" name="bmCofig" finished-at="2024-03-21T11:45:13 IST" duration-ms="3837" status="PASS">
          <reporter-output>
          </reporter-output>
        </test-method> <!-- bmCofig -->
        <test-method signature="createContactWithLeadSource()[pri:0, instance:Assertion.CreateContactaWithLeadsourceAssertionTest@564fabc8]" started-at="2024-03-21T11:45:13 IST" name="createContactWithLeadSource" finished-at="2024-03-21T11:45:20 IST" duration-ms="6554" status="PASS">
          <reporter-output>
          </reporter-output>
        </test-method> <!-- createContactWithLeadSource -->
        <test-method is-config="true" signature="amConfig()[pri:0, instance:Assertion.CreateContactaWithLeadsourceAssertionTest@564fabc8]" started-at="2024-03-21T11:45:20 IST" name="amConfig" finished-at="2024-03-21T11:45:22 IST" duration-ms="2221" status="PASS">
          <reporter-output>
          </reporter-output>
        </test-method> <!-- amConfig -->
        <test-method is-config="true" signature="acConfig()[pri:0, instance:Assertion.CreateContactaWithLeadsourceAssertionTest@564fabc8]" started-at="2024-03-21T11:45:22 IST" name="acConfig" finished-at="2024-03-21T11:45:22 IST" duration-ms="136" status="PASS">
          <reporter-output>
          </reporter-output>
        </test-method> <!-- acConfig -->
        <test-method is-config="true" signature="asConfig()[pri:0, instance:Assertion.CreateContactaWithLeadsourceAssertionTest@564fabc8]" started-at="2024-03-21T11:45:35 IST" name="asConfig" finished-at="2024-03-21T11:45:35 IST" duration-ms="0" status="PASS">
          <reporter-output>
          </reporter-output>
        </test-method> <!-- asConfig -->
      </class> <!-- Assertion.CreateContactaWithLeadsourceAssertionTest -->
      <class name="Assertion.CreateNewContactaWithAssertionTest">
        <test-method is-config="true" signature="bcConfig()[pri:0, instance:Assertion.CreateNewContactaWithAssertionTest@74fe5c40]" started-at="2024-03-21T11:45:22 IST" name="bcConfig" finished-at="2024-03-21T11:45:24 IST" duration-ms="2285" status="PASS">
          <reporter-output>
          </reporter-output>
        </test-method> <!-- bcConfig -->
        <test-method is-config="true" signature="bmCofig()[pri:0, instance:Assertion.CreateNewContactaWithAssertionTest@74fe5c40]" started-at="2024-03-21T11:45:24 IST" name="bmCofig" finished-at="2024-03-21T11:45:27 IST" duration-ms="2611" status="PASS">
          <reporter-output>
          </reporter-output>
        </test-method> <!-- bmCofig -->
        <test-method signature="CreateNewContactsWithMandatoryFieldTest()[pri:0, instance:Assertion.CreateNewContactaWithAssertionTest@74fe5c40]" started-at="2024-03-21T11:45:27 IST" name="CreateNewContactsWithMandatoryFieldTest" finished-at="2024-03-21T11:45:32 IST" duration-ms="5428" status="PASS">
          <reporter-output>
          </reporter-output>
        </test-method> <!-- CreateNewContactsWithMandatoryFieldTest -->
        <test-method is-config="true" signature="amConfig()[pri:0, instance:Assertion.CreateNewContactaWithAssertionTest@74fe5c40]" started-at="2024-03-21T11:45:32 IST" name="amConfig" finished-at="2024-03-21T11:45:34 IST" duration-ms="1894" status="PASS">
          <reporter-output>
          </reporter-output>
        </test-method> <!-- amConfig -->
        <test-method is-config="true" signature="acConfig()[pri:0, instance:Assertion.CreateNewContactaWithAssertionTest@74fe5c40]" started-at="2024-03-21T11:45:34 IST" name="acConfig" finished-at="2024-03-21T11:45:34 IST" duration-ms="108" status="PASS">
          <reporter-output>
          </reporter-output>
        </test-method> <!-- acConfig -->
      </class> <!-- Assertion.CreateNewContactaWithAssertionTest -->
    </test> <!-- Test-Runner-Chrome -->
  </suite> <!-- Suite -->
</testng-results>
